<?xml version="1.0" encoding="UTF-8"?>
<!-- Generated by org.testng.reporters.JUnitReportReporter -->
<testsuite hostname="suhi" name="src.test.java.module_1.project1.AppTest" tests="1" failures="0" timestamp="15 Dec 2018 02:16:46 GMT" time="5.481" errors="0">
  <testcase name="test" time="5.481" classname="src.test.java.module_1.project1.AppTest"/>
</testsuite> <!-- src.test.java.module_1.project1.AppTest -->
